[debug] [2022-08-03T14:34:39.483Z] ----------------------------------------------------------------------
[debug] [2022-08-03T14:34:39.484Z] Command:       /usr/local/bin/node /usr/local/bin/firebase deploy
[debug] [2022-08-03T14:34:39.485Z] CLI Version:   11.2.0
[debug] [2022-08-03T14:34:39.485Z] Platform:      linux
[debug] [2022-08-03T14:34:39.485Z] Node Version:  v16.15.0
[debug] [2022-08-03T14:34:39.485Z] Time:          Wed Aug 03 2022 15:34:39 GMT+0100 (Central European Standard Time)
[debug] [2022-08-03T14:34:39.485Z] ----------------------------------------------------------------------
[debug] 
[debug] [2022-08-03T14:34:39.532Z] > command requires scopes: ["email","openid","https://www.googleapis.com/auth/cloudplatformprojects.readonly","https://www.googleapis.com/auth/firebase","https://www.googleapis.com/auth/cloud-platform"]
[debug] [2022-08-03T14:34:39.532Z] > authorizing via signed-in user (aymenkhiari484@gmail.com)
[debug] [2022-08-03T14:34:39.533Z] [iam] checking project restaurantqr-6b5f0 for permissions ["datastore.indexes.create","datastore.indexes.delete","datastore.indexes.list","datastore.indexes.update","firebase.projects.get","firebasehosting.sites.update","firebaserules.releases.create","firebaserules.releases.update","firebaserules.rulesets.create"]
[debug] [2022-08-03T14:34:39.534Z] >>> [apiv2][query] POST https://cloudresourcemanager.googleapis.com/v1/projects/restaurantqr-6b5f0:testIamPermissions [none]
[debug] [2022-08-03T14:34:39.534Z] >>> [apiv2][body] POST https://cloudresourcemanager.googleapis.com/v1/projects/restaurantqr-6b5f0:testIamPermissions {"permissions":["datastore.indexes.create","datastore.indexes.delete","datastore.indexes.list","datastore.indexes.update","firebase.projects.get","firebasehosting.sites.update","firebaserules.releases.create","firebaserules.releases.update","firebaserules.rulesets.create"]}
[debug] [2022-08-03T14:34:40.394Z] <<< [apiv2][status] POST https://cloudresourcemanager.googleapis.com/v1/projects/restaurantqr-6b5f0:testIamPermissions 200
[debug] [2022-08-03T14:34:40.394Z] <<< [apiv2][body] POST https://cloudresourcemanager.googleapis.com/v1/projects/restaurantqr-6b5f0:testIamPermissions {"permissions":["datastore.indexes.create","datastore.indexes.delete","datastore.indexes.list","datastore.indexes.update","firebase.projects.get","firebasehosting.sites.update","firebaserules.releases.create","firebaserules.releases.update","firebaserules.rulesets.create"]}
[debug] [2022-08-03T14:34:40.398Z] >>> [apiv2][query] GET https://firebase.googleapis.com/v1beta1/projects/restaurantqr-6b5f0 [none]
[debug] [2022-08-03T14:34:40.737Z] <<< [apiv2][status] GET https://firebase.googleapis.com/v1beta1/projects/restaurantqr-6b5f0 200
[debug] [2022-08-03T14:34:40.738Z] <<< [apiv2][body] GET https://firebase.googleapis.com/v1beta1/projects/restaurantqr-6b5f0 {"projectId":"restaurantqr-6b5f0","projectNumber":"964313822128","displayName":"RestaurantQr","name":"projects/restaurantqr-6b5f0","resources":{"hostingSite":"restaurantqr-6b5f0","storageBucket":"restaurantqr-6b5f0.appspot.com","locationId":"europe-west"},"state":"ACTIVE","etag":"1_1ffd7fbf-0a7a-4f94-aec7-0e48f9efaab5"}
[info] 
[info] === Deploying to 'restaurantqr-6b5f0'...
[info] 
[info] i  deploying storage, firestore, hosting 
[debug] [2022-08-03T14:34:40.748Z] >>> [apiv2][query] GET https://appengine.googleapis.com/v1/apps/restaurantqr-6b5f0 [none]
